15:56:32.944 [main] INFO  ROOT - Codemos { For Devs }#5989 is ready!
15:59:18.277 [main] INFO  ROOT - Codemos { For Devs }#5989 is ready!
16:02:41.584 [main] INFO  ROOT - Codemos { For Devs }#5989 is ready!
16:04:33.687 [main] INFO  ROOT - Codemos { For Devs }#5989 is ready!
16:06:35.056 [main] INFO  ROOT - Codemos { For Devs }#5989 is ready!
16:07:25.921 [main] INFO  ROOT - Codemos { For Devs }#5989 is ready!
16:08:17.561 [main] INFO  ROOT - Codemos { For Devs }#5989 is ready!
16:12:12.042 [main] INFO  ROOT - Codemos { For Devs }#5989 is ready!
16:14:02.172 [main] INFO  ROOT - Codemos { For Devs }#5989 is ready!
16:14:09.228 [main] INFO  ROOT - Codemos { For Devs }#5989 is ready!
16:15:39.799 [main] INFO  ROOT - Codemos { For Devs }#5989 is ready!
16:15:49.387 [main] INFO  ROOT - Codemos { For Devs }#5989 is ready!
16:16:32.898 [main] INFO  ROOT - Codemos { For Devs }#5989 is ready!
16:23:12.209 [main] INFO  ROOT - Codemos { For Devs }#5989 is ready!
16:26:15.246 [main] INFO  ROOT - Codemos { For Devs }#5989 is ready!
16:27:42.176 [main] INFO  ROOT - Codemos { For Devs }#5989 is ready!
16:27:45.381 [main] INFO  ROOT - Codemos { For Devs }#5989 is ready!
16:32:08.754 [main] INFO  ROOT - Codemos { For Devs }#5989 is ready!
16:32:54.128 [main] INFO  ROOT - Codemos { For Devs }#5989 is ready!
21:38:15.721 [main] INFO  ROOT - Codemos { For Devs }#5989 is ready!
21:38:58.128 [main] INFO  ROOT - Codemos { For Devs }#5989 is ready!
21:40:18.504 [main] INFO  ROOT - Codemos { For Devs }#5989 is ready!
21:43:39.062 [main] INFO  ROOT - Codemos { For Devs }#5989 is ready!
21:50:14.131 [main] INFO  ROOT - Codemos { For Devs }#5989 is ready!
22:00:15.225 [main] INFO  ROOT - Codemos { For Devs }#5989 is ready!
22:01:27.435 [main] INFO  ROOT - Codemos { For Devs }#5989 is ready!
22:01:33.572 [main] INFO  ROOT - Codemos { For Devs }#5989 is ready!
22:04:05.968 [main] INFO  ROOT - Codemos { For Devs }#5989 is ready!
22:09:40.320 [main] INFO  ROOT - Codemos { For Devs }#5989 is ready!
22:10:25.096 [main] INFO  ROOT - Codemos { For Devs }#5989 is ready!
22:11:01.305 [main] INFO  ROOT - Codemos { For Devs }#5989 is ready!
22:14:15.397 [main] INFO  ROOT - Codemos { For Devs }#5989 is ready!
22:14:53.885 [main] INFO  ROOT - Codemos { For Devs }#5989 is ready!
22:15:15.207 [main] INFO  ROOT - Codemos { For Devs }#5989 is ready!
22:15:42.458 [main] INFO  ROOT - Codemos { For Devs }#5989 is ready!
22:15:46.894 [main] INFO  ROOT - Codemos { For Devs }#5989 is ready!
22:15:57.445 [main] INFO  ROOT - Codemos { For Devs }#5989 is ready!
22:16:19.895 [main] INFO  ROOT - Codemos { For Devs }#5989 is ready!
22:16:48.617 [main] INFO  ROOT - Codemos { For Devs }#5989 is ready!
22:19:34.110 [main] INFO  ROOT - Codemos { For Devs }#5989 is ready!
22:21:13.086 [main] INFO  ROOT - Codemos { For Devs }#5989 is ready!
22:23:28.686 [main] INFO  ROOT - Codemos { For Devs }#5989 is ready!
22:25:05.591 [main] INFO  ROOT - Codemos { For Devs }#5989 is ready!
22:27:03.382 [main] INFO  ROOT - Codemos { For Devs }#5989 is ready!
22:28:01.558 [main] INFO  ROOT - Codemos { For Devs }#5989 is ready!
22:28:49.080 [main] INFO  ROOT - Codemos { For Devs }#5989 is ready!
22:29:12.893 [main] INFO  ROOT - Codemos { For Devs }#5989 is ready!
22:42:11.355 [main] INFO  ROOT - Codemos { For Devs }#5989 is ready!
22:45:32.358 [main] INFO  ROOT - Codemos { For Devs }#5989 is ready!
22:46:03.831 [main] INFO  ROOT - Codemos { For Devs }#5989 is ready!
22:46:35.558 [main] INFO  ROOT - Codemos { For Devs }#5989 is ready!
22:49:19.679 [main] INFO  ROOT - Codemos { For Devs }#5989 is ready!
22:50:08.375 [main] INFO  ROOT - Codemos { For Devs }#5989 is ready!
20:57:32.768 [main] INFO  ROOT - Codemos { For Devs }#5989 is ready!
22:26:40.892 [main] INFO  ROOT - Codemos { For Devs }#5989 is ready!
11:27:55.894 [main] INFO  ROOT - Codemos { For Devs }#5989 is ready!
11:28:29.940 [main] INFO  ROOT - Codemos { For Devs }#5989 is ready!
11:32:52.215 [main] INFO  ROOT - Codemos { For Devs }#5989 is ready!
11:34:31.845 [main] INFO  ROOT - Codemos { For Devs }#5989 is ready!
11:35:05.660 [main] INFO  ROOT - Codemos { For Devs }#5989 is ready!
11:37:04.330 [main] INFO  ROOT - Codemos { For Devs }#5989 is ready!
11:40:31.227 [main] INFO  ROOT - Codemos { For Devs }#5989 is ready!
11:40:33.388 [JDA MainWS-ReadThread] INFO  i.g.bonigarcia.wdm.WebDriverManager - Using chromedriver 114.0.5735.90 (resolved driver for Chrome 114)
11:40:33.401 [JDA MainWS-ReadThread] INFO  i.g.bonigarcia.wdm.WebDriverManager - Reading https://chromedriver.storage.googleapis.com/ to seek chromedriver
11:40:34.530 [JDA MainWS-ReadThread] INFO  i.g.bonigarcia.wdm.online.Downloader - Downloading https://chromedriver.storage.googleapis.com/114.0.5735.90/chromedriver_mac_arm64.zip
11:40:36.329 [JDA MainWS-ReadThread] INFO  i.g.bonigarcia.wdm.online.Downloader - Extracting driver from compressed file chromedriver_mac_arm64.zip
11:40:36.417 [JDA MainWS-ReadThread] INFO  i.g.bonigarcia.wdm.WebDriverManager - Exporting webdriver.chrome.driver as /Users/jwkwon0817/.cache/selenium/chromedriver/mac-arm64/114.0.5735.90/chromedriver
11:40:45.851 [JDA MainWS-ReadThread] INFO  i.g.bonigarcia.wdm.WebDriverManager - Using chromedriver 114.0.5735.90 (resolved driver for Chrome 114)
11:40:45.853 [JDA MainWS-ReadThread] INFO  i.g.bonigarcia.wdm.WebDriverManager - Exporting webdriver.chrome.driver as /Users/jwkwon0817/.cache/selenium/chromedriver/mac-arm64/114.0.5735.90/chromedriver
11:40:58.167 [main] INFO  ROOT - Codemos { For Devs }#5989 is ready!
11:41:03.381 [JDA MainWS-ReadThread] INFO  i.g.bonigarcia.wdm.WebDriverManager - Using chromedriver 114.0.5735.90 (resolved driver for Chrome 114)
11:41:03.389 [JDA MainWS-ReadThread] INFO  i.g.bonigarcia.wdm.WebDriverManager - Exporting webdriver.chrome.driver as /Users/jwkwon0817/.cache/selenium/chromedriver/mac-arm64/114.0.5735.90/chromedriver
12:21:01.609 [main] INFO  ROOT - Codemos { For Devs }#5989 is ready!
12:21:09.140 [JDA MainWS-ReadThread] INFO  i.g.bonigarcia.wdm.WebDriverManager - Using chromedriver 114.0.5735.90 (resolved driver for Chrome 114)
12:21:09.148 [JDA MainWS-ReadThread] INFO  i.g.bonigarcia.wdm.WebDriverManager - Exporting webdriver.chrome.driver as /Users/jwkwon0817/.cache/selenium/chromedriver/mac-arm64/114.0.5735.90/chromedriver
12:28:16.406 [main] INFO  ROOT - Codemos { For Devs }#5989 is ready!
12:29:42.744 [main] INFO  ROOT - Codemos { For Devs }#5989 is ready!
12:30:46.370 [main] INFO  ROOT - Codemos { For Devs }#5989 is ready!
12:31:03.036 [main] INFO  ROOT - Codemos { For Devs }#5989 is ready!
12:31:17.183 [main] INFO  ROOT - Codemos { For Devs }#5989 is ready!
12:31:26.815 [main] INFO  ROOT - Codemos { For Devs }#5989 is ready!
12:32:49.750 [main] INFO  ROOT - Codemos { For Devs }#5989 is ready!
12:33:18.236 [main] INFO  ROOT - Codemos { For Devs }#5989 is ready!
12:33:30.430 [main] INFO  ROOT - Codemos { For Devs }#5989 is ready!
12:35:23.501 [main] INFO  ROOT - Codemos { For Devs }#5989 is ready!
12:36:24.210 [main] INFO  ROOT - Codemos { For Devs }#5989 is ready!
12:36:54.327 [main] INFO  ROOT - Codemos { For Devs }#5989 is ready!
12:37:22.425 [main] INFO  ROOT - Codemos { For Devs }#5989 is ready!
12:38:37.381 [main] INFO  ROOT - Codemos { For Devs }#5989 is ready!
12:40:25.054 [main] INFO  ROOT - Codemos { For Devs }#5989 is ready!
12:41:08.886 [main] INFO  ROOT - Codemos { For Devs }#5989 is ready!
12:41:29.269 [main] INFO  ROOT - Codemos { For Devs }#5989 is ready!
12:41:58.041 [main] INFO  ROOT - Codemos { For Devs }#5989 is ready!
12:46:10.661 [main] INFO  ROOT - Codemos { For Devs }#5989 is ready!
12:48:01.194 [main] INFO  ROOT - Codemos { For Devs }#5989 is ready!
12:48:29.786 [main] INFO  ROOT - Codemos { For Devs }#5989 is ready!
12:49:02.972 [main] INFO  ROOT - Codemos { For Devs }#5989 is ready!
12:49:20.898 [main] INFO  ROOT - Codemos { For Devs }#5989 is ready!
01:03:11.973 [main] INFO  ROOT - Codemos { For Devs }#5989 is ready!
01:12:33.544 [main] INFO  ROOT - Codemos { For Devs }#5989 is ready!
01:30:23.867 [main] INFO  ROOT - Codemos { For Devs }#5989 is ready!
01:38:42.917 [main] INFO  ROOT - Codemos { For Devs }#5989 is ready!
12:07:26.445 [main] INFO  ROOT - Codemos { For Devs }#5989 is ready!
12:30:38.304 [main] INFO  ROOT - Codemos { For Devs }#5989 is ready!
12:30:49.558 [main] INFO  ROOT - Codemos { For Devs }#5989 is ready!
12:32:01.053 [main] INFO  ROOT - Codemos { For Devs }#5989 is ready!
12:32:51.502 [main] INFO  ROOT - Codemos { For Devs }#5989 is ready!
12:33:15.311 [main] INFO  ROOT - Codemos { For Devs }#5989 is ready!
12:33:25.827 [main] INFO  ROOT - Codemos { For Devs }#5989 is ready!
12:35:20.595 [main] INFO  ROOT - Codemos { For Devs }#5989 is ready!
12:36:01.895 [main] INFO  ROOT - Codemos { For Devs }#5989 is ready!
12:36:54.956 [main] INFO  ROOT - Codemos { For Devs }#5989 is ready!
12:41:09.635 [main] INFO  ROOT - Codemos { For Devs }#5989 is ready!
12:41:46.824 [main] INFO  ROOT - Codemos { For Devs }#5989 is ready!
12:46:03.853 [main] INFO  ROOT - Codemos { For Devs }#5989 is ready!
12:49:19.845 [main] INFO  ROOT - Codemos { For Devs }#5989 is ready!
12:54:07.586 [main] INFO  ROOT - Codemos { For Devs }#5989 is ready!
13:12:09.375 [main] INFO  ROOT - Codemos { For Devs }#5989 is ready!
13:13:53.597 [main] INFO  ROOT - Codemos { For Devs }#5989 is ready!
13:14:27.057 [main] INFO  ROOT - Codemos { For Devs }#5989 is ready!
13:19:04.727 [main] INFO  ROOT - Codemos { For Devs }#5989 is ready!
13:20:18.646 [main] INFO  ROOT - Codemos { For Devs }#5989 is ready!
13:21:07.934 [main] INFO  ROOT - Codemos { For Devs }#5989 is ready!
13:24:25.433 [main] INFO  ROOT - Codemos { For Devs }#5989 is ready!
13:42:38.847 [main] INFO  ROOT - Codemos { For Devs }#5989 is ready!
13:43:37.013 [main] INFO  ROOT - Codemos { For Devs }#5989 is ready!
13:44:15.265 [main] INFO  ROOT - Codemos { For Devs }#5989 is ready!
13:51:42.726 [main] INFO  ROOT - Codemos { For Devs }#5989 is ready!
14:39:21.490 [main] INFO  ROOT - Codemos { For Devs }#5989 is ready!
14:41:41.166 [main] INFO  ROOT - Codemos { For Devs }#5989 is ready!
14:44:46.110 [main] INFO  ROOT - Codemos { For Devs }#5989 is ready!
14:45:00.926 [main] INFO  ROOT - Codemos { For Devs }#5989 is ready!
14:45:37.730 [main] INFO  ROOT - Codemos { For Devs }#5989 is ready!
14:45:48.656 [main] INFO  ROOT - Codemos { For Devs }#5989 is ready!
14:46:37.911 [main] INFO  ROOT - Codemos { For Devs }#5989 is ready!
14:47:38.639 [main] INFO  ROOT - MOS#5989 is ready!
14:48:36.836 [main] INFO  ROOT - MOS#5989 is ready!
15:39:05.425 [main] INFO  ROOT - MOS#5989 is ready!
15:39:53.536 [main] INFO  ROOT - MOS#5989 is ready!
15:40:32.206 [main] INFO  ROOT - MOS#5989 is ready!
15:41:12.296 [main] INFO  ROOT - MOS#5989 is ready!
15:46:41.499 [main] INFO  ROOT - MOS#5989 is ready!
15:52:12.891 [main] INFO  ROOT - MOS#5989 is ready!
15:53:24.147 [main] INFO  ROOT - MOS#5989 is ready!
22:40:30.716 [main] INFO  ROOT - MOS#5989 is ready!
22:41:45.738 [main] INFO  ROOT - MOS#5989 is ready!
22:52:07.623 [main] INFO  ROOT - MOS#5989 is ready!
23:02:00.349 [main] INFO  ROOT - MOS#5989 is ready!
23:04:27.344 [main] INFO  ROOT - MOS#5989 is ready!
23:04:54.142 [main] INFO  ROOT - MOS#5989 is ready!
23:06:24.611 [main] INFO  ROOT - MOS#5989 is ready!
01:18:03.328 [main] INFO  ROOT - MOS#5989 is ready!
08:22:16.828 [main] INFO  ROOT - MOS#5989 is ready!
16:19:12.636 [main] INFO  ROOT - MOS#5989 is ready!
20:44:42.433 [main] INFO  ROOT - MOS#5989 is ready!
22:19:12.736 [main] INFO  ROOT - MOS#5989 is ready!
22:19:43.287 [main] INFO  ROOT - MOS#5989 is ready!
22:23:31.316 [main] INFO  ROOT - MOS#5989 is ready!
22:24:13.242 [main] INFO  ROOT - MOS#5989 is ready!
22:24:42.999 [main] INFO  ROOT - MOS#5989 is ready!
22:25:45.921 [main] INFO  ROOT - MOS#5989 is ready!
22:27:01.913 [main] INFO  ROOT - MOS#5989 is ready!
22:28:31.563 [main] INFO  ROOT - MOS#5989 is ready!
22:54:20.685 [main] INFO  ROOT - MOS#5989 is ready!
22:56:06.497 [main] INFO  ROOT - MOS#5989 is ready!
22:56:43.923 [main] INFO  ROOT - MOS#5989 is ready!
22:57:11.288 [main] INFO  ROOT - MOS#5989 is ready!
23:37:55.433 [main] INFO  ROOT - MOS#5989 is ready!
23:38:44.109 [main] INFO  ROOT - MOS#5989 is ready!
23:39:16.673 [main] INFO  ROOT - MOS#5989 is ready!
23:39:41.806 [main] INFO  ROOT - MOS#5989 is ready!
23:39:51.192 [main] INFO  ROOT - MOS#5989 is ready!
23:39:58.548 [main] INFO  ROOT - MOS#5989 is ready!
23:40:14.918 [main] INFO  ROOT - MOS#5989 is ready!
23:40:19.031 [main] INFO  ROOT - MOS#5989 is ready!
23:41:53.590 [main] INFO  ROOT - MOS#5989 is ready!
23:42:46.967 [main] INFO  ROOT - MOS#5989 is ready!
23:43:29.034 [main] INFO  ROOT - MOS#5989 is ready!
23:44:51.038 [main] INFO  ROOT - MOS#5989 is ready!
23:45:09.727 [main] INFO  ROOT - MOS#5989 is ready!
23:45:46.525 [main] INFO  ROOT - MOS#5989 is ready!
23:45:58.252 [main] INFO  ROOT - MOS#5989 is ready!
23:46:52.282 [main] INFO  ROOT - MOS#5989 is ready!
23:47:39.847 [main] INFO  ROOT - MOS#5989 is ready!
23:47:56.613 [main] INFO  ROOT - MOS#5989 is ready!
23:48:26.858 [main] INFO  ROOT - MOS#5989 is ready!
23:48:35.588 [main] INFO  ROOT - MOS#5989 is ready!
23:49:53.293 [main] INFO  ROOT - MOS#5989 is ready!
23:50:37.401 [main] INFO  ROOT - MOS#5989 is ready!
23:58:05.489 [main] INFO  ROOT - MOS#5989 is ready!
00:03:21.961 [main] INFO  ROOT - MOS#5989 is ready!
00:04:02.030 [main] INFO  ROOT - MOS#5989 is ready!
00:06:48.569 [main] INFO  ROOT - MOS#5989 is ready!
00:11:05.430 [main] INFO  ROOT - MOS#5989 is ready!
00:09:32.980 [main] INFO  ROOT - MOS#5989 is ready!
